<?xml version="1.0" encoding="UTF-8"?>
<!-- Generated by org.testng.reporters.JUnitXMLReporter -->
<testsuite ignored="0" hostname="MacPro-Abdi" failures="0" tests="3" name="Default test" time="0.279" errors="0" timestamp="2023-02-13T11:11:38 CET">
  <testcase classname="testsCase.Addition" name="afficher1" time="0.068"/>
  <testcase classname="testsCase.Addition" name="afficher2" time="0.016"/>
  <testcase classname="testsCase.Addition" name="afficher3" time="0.012"/>
</testsuite> <!-- Default test -->
