<?xml version="1.0" encoding="UTF-8"?>
<testsuite xmlns:xsi="http://www.w3.org/2001/XMLSchema-instance" xsi:noNamespaceSchemaLocation="https://maven.apache.org/surefire/maven-surefire-plugin/xsd/surefire-test-report-3.0.xsd" version="3.0" name="TestSuite" time="0.83" tests="2" errors="0" skipped="0" failures="0">
  <properties>
[...]
</properties>
  <testcase name="afficher1" classname="testsCase.Addition" time="0.007">
    <system-out><![CDATA[Ceci est un test avec XRAY 1...
]]></system-out>
  </testcase>
  <testcase name="afficher2" classname="testsCase.Addition" time="0">
    <system-out><![CDATA[Ceci est un test avec XRAY 2...
]]></system-out>
  </testcase>
</testsuite>