<?xml version="1.0" encoding="UTF-8"?>
<testng-results ignored="0" total="2" passed="2" failed="0" skipped="0">
  <reporter-output>
  </reporter-output>
  <suite started-at="2023-02-11T17:16:19 CET" name="Suite" finished-at="2023-02-11T17:16:19 CET" duration-ms="44">
    <groups>
    </groups>
    <test started-at="2023-02-11T17:16:19 CET" name="Test" finished-at="2023-02-11T17:16:19 CET" duration-ms="44">
      <class name="testsCase.Addition">
        <test-method signature="afficher1()[pri:0, instance:testsCase.Addition@2b4a2ec7]" started-at="2023-02-11T17:16:19 CET" name="afficher1" finished-at="2023-02-11T17:16:19 CET" duration-ms="8" status="PASS">
          <reporter-output>
          </reporter-output>
          <attributes>
            <attribute name="test">
              <![CDATA[MATH-12]]>
            </attribute> <!-- test -->
            <attribute name="requirement">
              <![CDATA[]]>
            </attribute> <!-- requirement -->
            <attribute name="labels">
              <![CDATA[]]>
            </attribute> <!-- labels -->
          </attributes>
        </test-method> <!-- afficher1 -->
        <test-method signature="afficher2()[pri:0, instance:testsCase.Addition@2b4a2ec7]" started-at="2023-02-11T17:16:19 CET" name="afficher2" finished-at="2023-02-11T17:16:19 CET" duration-ms="1" status="PASS">
          <reporter-output>
          </reporter-output>
          <attributes>
            <attribute name="test">
              <![CDATA[MATH-13]]>
            </attribute> <!-- test -->
            <attribute name="requirement">
              <![CDATA[]]>
            </attribute> <!-- requirement -->
            <attribute name="labels">
              <![CDATA[]]>
            </attribute> <!-- labels -->
          </attributes>
        </test-method> <!-- afficher2 -->
      </class> <!-- testsCase.Addition -->
    </test> <!-- Test -->
  </suite> <!-- Suite -->
</testng-results>
