<?xml version="1.0" encoding="UTF-8"?>
<testng-results ignored="0" total="3" passed="3" failed="0" skipped="0">
  <reporter-output>
  </reporter-output>
  <suite started-at="2023-02-13T11:11:38 CET" name="Default suite" finished-at="2023-02-13T11:11:38 CET" duration-ms="279">
    <groups>
    </groups>
    <test started-at="2023-02-13T11:11:38 CET" name="Default test" finished-at="2023-02-13T11:11:38 CET" duration-ms="279">
      <class name="testsCase.Addition">
        <test-method signature="afficher1()[pri:0, instance:testsCase.Addition@482cd91f]" started-at="2023-02-13T11:11:38 CET" name="afficher1" finished-at="2023-02-13T11:11:38 CET" duration-ms="68" status="PASS">
          <reporter-output>
          </reporter-output>
        </test-method> <!-- afficher1 -->
        <test-method signature="afficher2()[pri:0, instance:testsCase.Addition@482cd91f]" started-at="2023-02-13T11:11:38 CET" name="afficher2" finished-at="2023-02-13T11:11:38 CET" duration-ms="16" status="PASS">
          <reporter-output>
          </reporter-output>
        </test-method> <!-- afficher2 -->
        <test-method signature="afficher3()[pri:0, instance:testsCase.Addition@482cd91f]" started-at="2023-02-13T11:11:38 CET" name="afficher3" finished-at="2023-02-13T11:11:38 CET" duration-ms="12" status="PASS">
          <reporter-output>
          </reporter-output>
        </test-method> <!-- afficher3 -->
      </class> <!-- testsCase.Addition -->
    </test> <!-- Default test -->
  </suite> <!-- Default suite -->
</testng-results>
