<?xml version="1.0" encoding="UTF-8"?>
<testng-results ignored="0" total="2" passed="2" failed="0" skipped="0">
  <reporter-output>
  </reporter-output>
  <suite started-at="2023-02-10T16:42:51 CET" name="Suite" finished-at="2023-02-10T16:42:51 CET" duration-ms="91">
    <groups>
    </groups>
    <test started-at="2023-02-10T16:42:51 CET" name="Test" finished-at="2023-02-10T16:42:51 CET" duration-ms="91">
      <class name="testsCase.Addition">
        <test-method is-config="true" signature="afficher1()[pri:0, instance:testsCase.Addition@17c386de]" started-at="2023-02-10T16:42:51 CET" name="afficher1" finished-at="2023-02-10T16:42:51 CET" duration-ms="18" status="PASS">
          <reporter-output>
          </reporter-output>
        </test-method> <!-- afficher1 -->
        <test-method signature="afficher()[pri:0, instance:testsCase.Addition@17c386de]" started-at="2023-02-10T16:42:51 CET" name="afficher" finished-at="2023-02-10T16:42:51 CET" duration-ms="21" status="PASS">
          <reporter-output>
          </reporter-output>
        </test-method> <!-- afficher -->
        <test-method signature="afficher3()[pri:0, instance:testsCase.Addition@17c386de]" started-at="2023-02-10T16:42:51 CET" name="afficher3" finished-at="2023-02-10T16:42:51 CET" duration-ms="6" status="PASS">
          <reporter-output>
          </reporter-output>
        </test-method> <!-- afficher3 -->
        <test-method is-config="true" signature="afficher2()[pri:0, instance:testsCase.Addition@17c386de]" started-at="2023-02-10T16:42:51 CET" name="afficher2" finished-at="2023-02-10T16:42:51 CET" duration-ms="1" status="PASS">
          <reporter-output>
          </reporter-output>
        </test-method> <!-- afficher2 -->
      </class> <!-- testsCase.Addition -->
    </test> <!-- Test -->
  </suite> <!-- Suite -->
</testng-results>
